<?xml version='1.0' encoding='UTF-8'?>
<testsuite hostname="codespaces-01ce29" name="MySuite" tests="1" errors="0" failures="0" skipped="0" time="0.036" timestamp="2025-07-14T14:40:16">
          <properties>
[...]
</properties>
          <testcase classname="MySuite" name="example test that succeeds das semanas1,2" time="0.036">
                      
                    </testcase>
          <system-out><![CDATA[]]></system-out>
          <system-err><![CDATA[]]></system-err>
        </testsuite>